<?xml version="1.0" encoding="UTF-8"?>
<!-- Generated by org.testng.reporters.JUnitReportReporter -->
<testsuite hostname="DESKTOP-1GMH1CR" failures="0" tests="2" name="Authentication.BranchControllerDemo" time="10.780" errors="0" timestamp="2022-11-01T20:18:08 IST" skipped="0">
  <testcase classname="Authentication.BranchControllerDemo" name="branchControllerDemo1" time="0.242"/>
  <system-out/>
  <testcase classname="Authentication.BranchControllerDemo" name="branchControllerDemo1" time="10.538"/>
  <system-out/>
</testsuite> <!-- Authentication.BranchControllerDemo -->
