<?xml version="1.0" encoding="UTF-8"?>
<!-- Generated by org.testng.reporters.JUnitReportReporter -->
<testsuite hostname="DESKTOP-1GMH1CR" failures="0" tests="1" name="curdOperation.GetBranchController2" time="74.580" errors="0" timestamp="2022-11-02T10:33:31 IST" skipped="0">
  <testcase classname="curdOperation.GetBranchController2" name="getBranchController" time="74.580"/>
  <system-out/>
</testsuite> <!-- curdOperation.GetBranchController2 -->
