<?xml version="1.0" encoding="UTF-8"?>
<!-- Generated by org.testng.reporters.JUnitReportReporter -->
<testsuite hostname="DESKTOP-1GMH1CR" failures="0" tests="1" name="Authentication.BearerToken" time="7.215" errors="0" timestamp="2022-11-03T18:17:06 IST" skipped="0">
  <testcase classname="Authentication.BearerToken" name="bearerToken" time="7.215"/>
  <system-out/>
</testsuite> <!-- Authentication.BearerToken -->
