<?xml version="1.0" encoding="UTF-8"?>
<!-- Generated by org.testng.reporters.JUnitReportReporter -->
<testsuite hostname="DESKTOP-1GMH1CR" failures="0" tests="1" name="curdOperation.PostBranchController" time="3.321" errors="0" timestamp="2022-11-01T17:46:29 IST" skipped="0">
  <testcase classname="curdOperation.PostBranchController" name="postBranchController" time="3.321"/>
  <system-out/>
</testsuite> <!-- curdOperation.PostBranchController -->
