<?xml version="1.0" encoding="UTF-8"?>
<!-- Generated by org.testng.reporters.JUnitReportReporter -->
<testsuite hostname="DESKTOP-1GMH1CR" failures="0" tests="1" name="crudOperation.GetWithBdd1" time="4.571" errors="0" timestamp="2022-11-02T14:45:34 IST" skipped="0">
  <testcase classname="crudOperation.GetWithBdd1" name="getBranchController" time="4.571"/>
  <system-out/>
</testsuite> <!-- crudOperation.GetWithBdd1 -->
