<?xml version="1.0" encoding="UTF-8"?>
<!-- Generated by org.testng.reporters.JUnitReportReporter -->
<testsuite hostname="DESKTOP-1GMH1CR" failures="0" tests="1" name="curdOperation.PutBranchController" time="2.915" errors="0" timestamp="2022-11-01T17:51:38 IST" skipped="0">
  <testcase classname="curdOperation.PutBranchController" name="putBranchController" time="2.915"/>
  <system-out/>
</testsuite> <!-- curdOperation.PutBranchController -->
