<?xml version="1.0" encoding="UTF-8"?>
<!-- Generated by org.testng.reporters.JUnitReportReporter -->
<testsuite hostname="DESKTOP-1GMH1CR" failures="0" tests="1" name="crudOperation.GetAllWithBdd" time="5.081" errors="0" timestamp="2022-11-03T13:00:58 IST" skipped="0">
  <testcase classname="crudOperation.GetAllWithBdd" name="getBrachController" time="5.081"/>
  <system-out/>
</testsuite> <!-- crudOperation.GetAllWithBdd -->
