<?xml version="1.0" encoding="UTF-8"?>
<!-- Generated by org.testng.reporters.JUnitReportReporter -->
<testsuite hostname="DESKTOP-1GMH1CR" failures="0" tests="1" name="curdOperation.GetBranchController" time="81.763" errors="0" timestamp="2022-11-02T10:30:58 IST" skipped="0">
  <testcase classname="curdOperation.GetBranchController" name="getBrachController" time="81.763"/>
  <system-out/>
</testsuite> <!-- curdOperation.GetBranchController -->
