<?xml version="1.0" encoding="UTF-8"?>
<!-- Generated by org.testng.reporters.JUnitReportReporter -->
<testsuite hostname="DESKTOP-1GMH1CR" failures="0" tests="1" name="crudOperation.GetBranchWithBdd" time="4.644" errors="0" timestamp="2022-11-03T12:59:58 IST" skipped="0">
  <testcase classname="crudOperation.GetBranchWithBdd" name="getBranchController" time="4.644"/>
  <system-out/>
</testsuite> <!-- crudOperation.GetBranchWithBdd -->
