<?xml version="1.0" encoding="UTF-8"?>
<!-- Generated by org.testng.reporters.JUnitReportReporter -->
<testsuite hostname="DESKTOP-1GMH1CR" failures="0" tests="1" name="Authentication.BasicAuth" time="5.212" errors="0" timestamp="2022-11-03T18:24:58 IST" skipped="0">
  <testcase classname="Authentication.BasicAuth" name="basicAuth" time="5.212"/>
  <system-out/>
</testsuite> <!-- Authentication.BasicAuth -->
