<?xml version="1.0" encoding="UTF-8"?>
<!-- Generated by org.testng.reporters.JUnitReportReporter -->
<testsuite hostname="DESKTOP-1GMH1CR" failures="0" tests="1" name="crudOperation.GetWithBdd" time="4.845" errors="0" timestamp="2022-11-02T23:19:11 IST" skipped="0">
  <testcase classname="crudOperation.GetWithBdd" name="getBrachController" time="4.845"/>
  <system-out/>
</testsuite> <!-- crudOperation.GetWithBdd -->
