<?xml version="1.0" encoding="UTF-8"?>
<!-- Generated by org.testng.reporters.JUnitReportReporter -->
<testsuite hostname="DESKTOP-1GMH1CR" failures="0" tests="1" name="crudOperation.PostWithBdd" time="5.765" errors="0" timestamp="2022-11-02T11:36:04 IST" skipped="0">
  <testcase classname="crudOperation.PostWithBdd" name="postBranchController" time="5.765"/>
  <system-out/>
</testsuite> <!-- crudOperation.PostWithBdd -->
