<?xml version="1.0" encoding="UTF-8"?>
<!-- Generated by org.testng.reporters.JUnitReportReporter -->
<testsuite hostname="DESKTOP-1GMH1CR" failures="0" tests="1" name="curdOperation.GetBranchController1" time="45.263" errors="0" timestamp="2022-11-01T17:31:01 IST" skipped="0">
  <testcase classname="curdOperation.GetBranchController1" name="getBranchController" time="45.263"/>
  <system-out/>
</testsuite> <!-- curdOperation.GetBranchController1 -->
