<?xml version="1.0" encoding="UTF-8"?>
<!-- Generated by org.testng.reporters.JUnitReportReporter -->
<testsuite hostname="DESKTOP-1GMH1CR" failures="0" tests="1" name="curdOperation.DeleteBranchController" time="2.464" errors="0" timestamp="2022-11-01T18:03:28 IST" skipped="0">
  <testcase classname="curdOperation.DeleteBranchController" name="deleteBranchController" time="2.464"/>
  <system-out/>
</testsuite> <!-- curdOperation.DeleteBranchController -->
